This is pdfTeX, Version 3.1415926-2.5-1.40.14 (TeX Live 2013/W32TeX) (format=pdflatex 2014.4.7)  10 AUG 2014 22:23
entering extended mode
 restricted \write18 enabled.
 %&-line parsing enabled.
**runningWork.tex -recorder
(./runningWork.tex
LaTeX2e <2011/06/27>
Babel <3.9k> and hyphenation patterns for 78 languages loaded.
(c:/texlive/2013/texmf-dist/tex/latex/base/article.cls
Document Class: article 2007/10/19 v1.4h Standard LaTeX document class
(c:/texlive/2013/texmf-dist/tex/latex/base/size10.clo
File: size10.clo 2007/10/19 v1.4h Standard LaTeX file (size option)
)
\c@part=\count79
\c@section=\count80
\c@subsection=\count81
\c@subsubsection=\count82
\c@paragraph=\count83
\c@subparagraph=\count84
\c@figure=\count85
\c@table=\count86
\abovecaptionskip=\skip41
\belowcaptionskip=\skip42
\bibindent=\dimen102
)
(c:/texlive/2013/texmf-dist/tex/latex/amsmath/amsmath.sty
Package: amsmath 2013/01/14 v2.14 AMS math features
\@mathmargin=\skip43

For additional information on amsmath, use the `?' option.
(c:/texlive/2013/texmf-dist/tex/latex/amsmath/amstext.sty
Package: amstext 2000/06/29 v2.01

(c:/texlive/2013/texmf-dist/tex/latex/amsmath/amsgen.sty
File: amsgen.sty 1999/11/30 v2.0
\@emptytoks=\toks14
\ex@=\dimen103
))
(c:/texlive/2013/texmf-dist/tex/latex/amsmath/amsbsy.sty
Package: amsbsy 1999/11/29 v1.2d
\pmbraise@=\dimen104
)
(c:/texlive/2013/texmf-dist/tex/latex/amsmath/amsopn.sty
Package: amsopn 1999/12/14 v2.01 operator names
)
\inf@bad=\count87
LaTeX Info: Redefining \frac on input line 210.
\uproot@=\count88
\leftroot@=\count89
LaTeX Info: Redefining \overline on input line 306.
\classnum@=\count90
\DOTSCASE@=\count91
LaTeX Info: Redefining \ldots on input line 378.
LaTeX Info: Redefining \dots on input line 381.
LaTeX Info: Redefining \cdots on input line 466.
\Mathstrutbox@=\box26
\strutbox@=\box27
\big@size=\dimen105
LaTeX Font Info:    Redeclaring font encoding OML on input line 566.
LaTeX Font Info:    Redeclaring font encoding OMS on input line 567.
\macc@depth=\count92
\c@MaxMatrixCols=\count93
\dotsspace@=\muskip10
\c@parentequation=\count94
\dspbrk@lvl=\count95
\tag@help=\toks15
\row@=\count96
\column@=\count97
\maxfields@=\count98
\andhelp@=\toks16
\eqnshift@=\dimen106
\alignsep@=\dimen107
\tagshift@=\dimen108
\tagwidth@=\dimen109
\totwidth@=\dimen110
\lineht@=\dimen111
\@envbody=\toks17
\multlinegap=\skip44
\multlinetaggap=\skip45
\mathdisplay@stack=\toks18
LaTeX Info: Redefining \[ on input line 2665.
LaTeX Info: Redefining \] on input line 2666.
)
(c:/texlive/2013/texmf-dist/tex/latex/amsfonts/amssymb.sty
Package: amssymb 2013/01/14 v3.01 AMS font symbols

(c:/texlive/2013/texmf-dist/tex/latex/amsfonts/amsfonts.sty
Package: amsfonts 2013/01/14 v3.01 Basic AMSFonts support
\symAMSa=\mathgroup4
\symAMSb=\mathgroup5
LaTeX Font Info:    Overwriting math alphabet `\mathfrak' in version `bold'
(Font)                  U/euf/m/n --> U/euf/b/n on input line 106.
))
(c:/texlive/2013/texmf-dist/tex/latex/float/float.sty
Package: float 2001/11/08 v1.3d Float enhancements (AL)
\c@float@type=\count99
\float@exts=\toks19
\float@box=\box28
\@float@everytoks=\toks20
\@floatcapt=\box29
)
(c:/texlive/2013/texmf-dist/tex/latex/graphics/graphicx.sty
Package: graphicx 1999/02/16 v1.0f Enhanced LaTeX Graphics (DPC,SPQR)

(c:/texlive/2013/texmf-dist/tex/latex/graphics/keyval.sty
Package: keyval 1999/03/16 v1.13 key=value parser (DPC)
\KV@toks@=\toks21
)
(c:/texlive/2013/texmf-dist/tex/latex/graphics/graphics.sty
Package: graphics 2009/02/05 v1.0o Standard LaTeX Graphics (DPC,SPQR)

(c:/texlive/2013/texmf-dist/tex/latex/graphics/trig.sty
Package: trig 1999/03/16 v1.09 sin cos tan (DPC)
)
(c:/texlive/2013/texmf-dist/tex/latex/latexconfig/graphics.cfg
File: graphics.cfg 2010/04/23 v1.9 graphics configuration of TeX Live
)
Package graphics Info: Driver file: pdftex.def on input line 91.

(c:/texlive/2013/texmf-dist/tex/latex/pdftex-def/pdftex.def
File: pdftex.def 2011/05/27 v0.06d Graphics/color for pdfTeX

(c:/texlive/2013/texmf-dist/tex/generic/oberdiek/infwarerr.sty
Package: infwarerr 2010/04/08 v1.3 Providing info/warning/error messages (HO)
)
(c:/texlive/2013/texmf-dist/tex/generic/oberdiek/ltxcmds.sty
Package: ltxcmds 2011/11/09 v1.22 LaTeX kernel commands for general use (HO)
)
\Gread@gobject=\count100
))
\Gin@req@height=\dimen112
\Gin@req@width=\dimen113
)
(c:/texlive/2013/texmf-dist/tex/latex/geometry/geometry.sty
Package: geometry 2010/09/12 v5.6 Page Geometry

(c:/texlive/2013/texmf-dist/tex/generic/oberdiek/ifpdf.sty
Package: ifpdf 2011/01/30 v2.3 Provides the ifpdf switch (HO)
Package ifpdf Info: pdfTeX in PDF mode is detected.
)
(c:/texlive/2013/texmf-dist/tex/generic/oberdiek/ifvtex.sty
Package: ifvtex 2010/03/01 v1.5 Detect VTeX and its facilities (HO)
Package ifvtex Info: VTeX not detected.
)
(c:/texlive/2013/texmf-dist/tex/generic/ifxetex/ifxetex.sty
Package: ifxetex 2010/09/12 v0.6 Provides ifxetex conditional
)
\Gm@cnth=\count101
\Gm@cntv=\count102
\c@Gm@tempcnt=\count103
\Gm@bindingoffset=\dimen114
\Gm@wd@mp=\dimen115
\Gm@odd@mp=\dimen116
\Gm@even@mp=\dimen117
\Gm@layoutwidth=\dimen118
\Gm@layoutheight=\dimen119
\Gm@layouthoffset=\dimen120
\Gm@layoutvoffset=\dimen121
\Gm@dimlist=\toks22
)
(./runningWork.aux)
\openout1 = `runningWork.aux'.

LaTeX Font Info:    Checking defaults for OML/cmm/m/it on input line 5.
LaTeX Font Info:    ... okay on input line 5.
LaTeX Font Info:    Checking defaults for T1/cmr/m/n on input line 5.
LaTeX Font Info:    ... okay on input line 5.
LaTeX Font Info:    Checking defaults for OT1/cmr/m/n on input line 5.
LaTeX Font Info:    ... okay on input line 5.
LaTeX Font Info:    Checking defaults for OMS/cmsy/m/n on input line 5.
LaTeX Font Info:    ... okay on input line 5.
LaTeX Font Info:    Checking defaults for OMX/cmex/m/n on input line 5.
LaTeX Font Info:    ... okay on input line 5.
LaTeX Font Info:    Checking defaults for U/cmr/m/n on input line 5.
LaTeX Font Info:    ... okay on input line 5.
 (c:/texlive/2013/texmf-dist/tex/context/base/supp-pdf.mkii
[Loading MPS to PDF converter (version 2006.09.02).]
\scratchcounter=\count104
\scratchdimen=\dimen122
\scratchbox=\box30
\nofMPsegments=\count105
\nofMParguments=\count106
\everyMPshowfont=\toks23
\MPscratchCnt=\count107
\MPscratchDim=\dimen123
\MPnumerator=\count108
\makeMPintoPDFobject=\count109
\everyMPtoPDFconversion=\toks24
) (c:/texlive/2013/texmf-dist/tex/generic/oberdiek/pdftexcmds.sty
Package: pdftexcmds 2011/11/29 v0.20 Utility functions of pdfTeX for LuaTeX (HO
)

(c:/texlive/2013/texmf-dist/tex/generic/oberdiek/ifluatex.sty
Package: ifluatex 2010/03/01 v1.3 Provides the ifluatex switch (HO)
Package ifluatex Info: LuaTeX not detected.
)
Package pdftexcmds Info: LuaTeX not detected.
Package pdftexcmds Info: \pdf@primitive is available.
Package pdftexcmds Info: \pdf@ifprimitive is available.
Package pdftexcmds Info: \pdfdraftmode found.
)
(c:/texlive/2013/texmf-dist/tex/latex/oberdiek/epstopdf-base.sty
Package: epstopdf-base 2010/02/09 v2.5 Base part for package epstopdf

(c:/texlive/2013/texmf-dist/tex/latex/oberdiek/grfext.sty
Package: grfext 2010/08/19 v1.1 Manage graphics extensions (HO)

(c:/texlive/2013/texmf-dist/tex/generic/oberdiek/kvdefinekeys.sty
Package: kvdefinekeys 2011/04/07 v1.3 Define keys (HO)
))
(c:/texlive/2013/texmf-dist/tex/latex/oberdiek/kvoptions.sty
Package: kvoptions 2011/06/30 v3.11 Key value format for package options (HO)

(c:/texlive/2013/texmf-dist/tex/generic/oberdiek/kvsetkeys.sty
Package: kvsetkeys 2012/04/25 v1.16 Key value parser (HO)

(c:/texlive/2013/texmf-dist/tex/generic/oberdiek/etexcmds.sty
Package: etexcmds 2011/02/16 v1.5 Avoid name clashes with e-TeX commands (HO)
Package etexcmds Info: Could not find \expanded.
(etexcmds)             That can mean that you are not using pdfTeX 1.50 or
(etexcmds)             that some package has redefined \expanded.
(etexcmds)             In the latter case, load this package earlier.
)))
Package grfext Info: Graphics extension search list:
(grfext)             [.png,.pdf,.jpg,.mps,.jpeg,.jbig2,.jb2,.PNG,.PDF,.JPG,.JPE
G,.JBIG2,.JB2,.eps]
(grfext)             \AppendGraphicsExtensions on input line 452.

(c:/texlive/2013/texmf-dist/tex/latex/latexconfig/epstopdf-sys.cfg
File: epstopdf-sys.cfg 2010/07/13 v1.3 Configuration of (r)epstopdf for TeX Liv
e
))
*geometry* driver: auto-detecting
*geometry* detected driver: pdftex
*geometry* verbose mode - [ preamble ] result:
* driver: pdftex
* paper: <default>
* layout: <same size as paper>
* layoutoffset:(h,v)=(0.0pt,0.0pt)
* modes: 
* h-part:(L,W,R)=(36.135pt, 542.02501pt, 36.135pt)
* v-part:(T,H,B)=(36.135pt, 722.7pt, 36.135pt)
* \paperwidth=614.295pt
* \paperheight=794.96999pt
* \textwidth=542.02501pt
* \textheight=722.7pt
* \oddsidemargin=-36.135pt
* \evensidemargin=-36.135pt
* \topmargin=-73.135pt
* \headheight=12.0pt
* \headsep=25.0pt
* \topskip=10.0pt
* \footskip=30.0pt
* \marginparwidth=65.0pt
* \marginparsep=11.0pt
* \columnsep=10.0pt
* \skip\footins=9.0pt plus 4.0pt minus 2.0pt
* \hoffset=0.0pt
* \voffset=0.0pt
* \mag=1000
* \@twocolumnfalse
* \@twosidefalse
* \@mparswitchfalse
* \@reversemarginfalse
* (1in=72.27pt=25.4mm, 1cm=28.453pt)

LaTeX Font Info:    Try loading font information for OMS+cmr on input line 19.
(c:/texlive/2013/texmf-dist/tex/latex/base/omscmr.fd
File: omscmr.fd 1999/05/25 v2.5h Standard LaTeX font definitions
)
LaTeX Font Info:    Font shape `OMS/cmr/m/n' in size <10> not available
(Font)              Font shape `OMS/cmsy/m/n' tried instead on input line 19.
LaTeX Font Info:    Try loading font information for U+msa on input line 33.

(c:/texlive/2013/texmf-dist/tex/latex/amsfonts/umsa.fd
File: umsa.fd 2013/01/14 v3.01 AMS symbols A
)
LaTeX Font Info:    Try loading font information for U+msb on input line 33.

(c:/texlive/2013/texmf-dist/tex/latex/amsfonts/umsb.fd
File: umsb.fd 2013/01/14 v3.01 AMS symbols B
) [1

{c:/texlive/2013/texmf-var/fonts/map/pdftex/updmap/pdftex.map}]
<param--n=2--d=2--beta=0.000100000000000000--angle=0.png, id=14, 2007.5pt x 200
7.5pt>
File: param--n=2--d=2--beta=0.000100000000000000--angle=0.png Graphic file (typ
e png)
 <use param--n=2--d=2--beta=0.000100000000000000--angle=0.png>
Package pdftex.def Info: param--n=2--d=2--beta=0.000100000000000000--angle=0.pn
g used on input line 42.
(pdftex.def)             Requested size: 325.2183pt x 325.21935pt.

<param--n=2--d=2--beta=0.0100000000000000--angle=0.png, id=16, 2007.5pt x 2007.
5pt>
File: param--n=2--d=2--beta=0.0100000000000000--angle=0.png Graphic file (type 
png)
 <use param--n=2--d=2--beta=0.0100000000000000--angle=0.png>
Package pdftex.def Info: param--n=2--d=2--beta=0.0100000000000000--angle=0.png 
used on input line 44.
(pdftex.def)             Requested size: 325.2183pt x 325.21935pt.

<phase--n=2--d=2--beta=-0.00100000000000000--angle=0.png, id=17, 2007.5pt x 200
7.5pt>
File: phase--n=2--d=2--beta=-0.00100000000000000--angle=0.png Graphic file (typ
e png)
 <use phase--n=2--d=2--beta=-0.00100000000000000--angle=0.png>
Package pdftex.def Info: phase--n=2--d=2--beta=-0.00100000000000000--angle=0.pn
g used on input line 46.
(pdftex.def)             Requested size: 325.2183pt x 325.21935pt.
 [2 <./param--n=2--d=2--beta=0.000100000000000000--angle=0.png> <./param--n=2--
d=2--beta=0.0100000000000000--angle=0.png>]
<phase--n=2--d=2--beta=0.238000000000000--angle=0.png, id=25, 2007.5pt x 2007.5
pt>
File: phase--n=2--d=2--beta=0.238000000000000--angle=0.png Graphic file (type p
ng)
 <use phase--n=2--d=2--beta=0.238000000000000--angle=0.png>
Package pdftex.def Info: phase--n=2--d=2--beta=0.238000000000000--angle=0.png u
sed on input line 48.
(pdftex.def)             Requested size: 325.2183pt x 325.21935pt.

<phase--n=3--d=3--beta=-0.00100000000000000--angle=0.png, id=26, 2007.5pt x 200
7.5pt>
File: phase--n=3--d=3--beta=-0.00100000000000000--angle=0.png Graphic file (typ
e png)
 <use phase--n=3--d=3--beta=-0.00100000000000000--angle=0.png>
Package pdftex.def Info: phase--n=3--d=3--beta=-0.00100000000000000--angle=0.pn
g used on input line 50.
(pdftex.def)             Requested size: 325.2183pt x 325.21935pt.
 [3 <./phase--n=2--d=2--beta=-0.00100000000000000--angle=0.png> <./phase--n=2--
d=2--beta=0.238000000000000--angle=0.png>]
<phase--n=2--d=2--beta=(-0.6+0.1j)--angle=0.png, id=33, 2007.5pt x 2007.5pt>
File: phase--n=2--d=2--beta=(-0.6+0.1j)--angle=0.png Graphic file (type png)

<use phase--n=2--d=2--beta=(-0.6+0.1j)--angle=0.png>
Package pdftex.def Info: phase--n=2--d=2--beta=(-0.6+0.1j)--angle=0.png used on
 input line 52.
(pdftex.def)             Requested size: 325.2183pt x 325.21935pt.

<param--n=2--d=2--beta=0--angle=0.png, id=34, 2007.5pt x 2007.5pt>
File: param--n=2--d=2--beta=0--angle=0.png Graphic file (type png)

<use param--n=2--d=2--beta=0--angle=0.png>
Package pdftex.def Info: param--n=2--d=2--beta=0--angle=0.png used on input lin
e 54.
(pdftex.def)             Requested size: 325.2183pt x 325.21935pt.
 [4 <./phase--n=3--d=3--beta=-0.00100000000000000--angle=0.png> <./phase--n=2--
d=2--beta=(-0.6+0.1j)--angle=0.png>]
<param--n=2--d=2--beta=0.00990000000000000--angle=0.png, id=40, 2007.5pt x 2007
.5pt>
File: param--n=2--d=2--beta=0.00990000000000000--angle=0.png Graphic file (type
 png)
 <use param--n=2--d=2--beta=0.00990000000000000--angle=0.png>
Package pdftex.def Info: param--n=2--d=2--beta=0.00990000000000000--angle=0.png
 used on input line 56.
(pdftex.def)             Requested size: 325.2183pt x 325.21935pt.

<param--n=2--d=2--beta=0.0198000000000000--angle=0.png, id=41, 2007.5pt x 2007.
5pt>
File: param--n=2--d=2--beta=0.0198000000000000--angle=0.png Graphic file (type 
png)
 <use param--n=2--d=2--beta=0.0198000000000000--angle=0.png>
Package pdftex.def Info: param--n=2--d=2--beta=0.0198000000000000--angle=0.png 
used on input line 58.
(pdftex.def)             Requested size: 325.2183pt x 325.21935pt.
 [5 <./param--n=2--d=2--beta=0--angle=0.png> <./param--n=2--d=2--beta=0.0099000
0000000000--angle=0.png>]
<param--n=2--d=2--beta=0.0297000000000000--angle=0.png, id=47, 2007.5pt x 2007.
5pt>
File: param--n=2--d=2--beta=0.0297000000000000--angle=0.png Graphic file (type 
png)
 <use param--n=2--d=2--beta=0.0297000000000000--angle=0.png>
Package pdftex.def Info: param--n=2--d=2--beta=0.0297000000000000--angle=0.png 
used on input line 60.
(pdftex.def)             Requested size: 325.2183pt x 325.21935pt.

<param--n=2--d=2--beta=0.0396000000000000--angle=0.png, id=48, 2007.5pt x 2007.
5pt>
File: param--n=2--d=2--beta=0.0396000000000000--angle=0.png Graphic file (type 
png)
 <use param--n=2--d=2--beta=0.0396000000000000--angle=0.png>
Package pdftex.def Info: param--n=2--d=2--beta=0.0396000000000000--angle=0.png 
used on input line 62.
(pdftex.def)             Requested size: 325.2183pt x 325.21935pt.
 [6 <./param--n=2--d=2--beta=0.0198000000000000--angle=0.png> <./param--n=2--d=
2--beta=0.0297000000000000--angle=0.png>]
<param--n=2--d=2--beta=0.0495000000000000--angle=0.png, id=54, 2007.5pt x 2007.
5pt>
File: param--n=2--d=2--beta=0.0495000000000000--angle=0.png Graphic file (type 
png)
 <use param--n=2--d=2--beta=0.0495000000000000--angle=0.png>
Package pdftex.def Info: param--n=2--d=2--beta=0.0495000000000000--angle=0.png 
used on input line 64.
(pdftex.def)             Requested size: 325.2183pt x 325.21935pt.

<param--n=2--d=2--beta=0.0594000000000000--angle=0.png, id=55, 2007.5pt x 2007.
5pt>
File: param--n=2--d=2--beta=0.0594000000000000--angle=0.png Graphic file (type 
png)
 <use param--n=2--d=2--beta=0.0594000000000000--angle=0.png>
Package pdftex.def Info: param--n=2--d=2--beta=0.0594000000000000--angle=0.png 
used on input line 66.
(pdftex.def)             Requested size: 325.2183pt x 325.21935pt.
 [7 <./param--n=2--d=2--beta=0.0396000000000000--angle=0.png> <./param--n=2--d=
2--beta=0.0495000000000000--angle=0.png>]
<param--n=2--d=2--beta=0.0693000000000000--angle=0.png, id=62, 2007.5pt x 2007.
5pt>
File: param--n=2--d=2--beta=0.0693000000000000--angle=0.png Graphic file (type 
png)
 <use param--n=2--d=2--beta=0.0693000000000000--angle=0.png>
Package pdftex.def Info: param--n=2--d=2--beta=0.0693000000000000--angle=0.png 
used on input line 68.
(pdftex.def)             Requested size: 325.2183pt x 325.21935pt.

<param--n=2--d=2--beta=0.0792000000000000--angle=0.png, id=63, 2007.5pt x 2007.
5pt>
File: param--n=2--d=2--beta=0.0792000000000000--angle=0.png Graphic file (type 
png)
 <use param--n=2--d=2--beta=0.0792000000000000--angle=0.png>
Package pdftex.def Info: param--n=2--d=2--beta=0.0792000000000000--angle=0.png 
used on input line 70.
(pdftex.def)             Requested size: 325.2183pt x 325.21935pt.
 [8 <./param--n=2--d=2--beta=0.0594000000000000--angle=0.png> <./param--n=2--d=
2--beta=0.0693000000000000--angle=0.png>]
<param--n=2--d=2--beta=0.0891000000000000--angle=0.png, id=69, 2007.5pt x 2007.
5pt>
File: param--n=2--d=2--beta=0.0891000000000000--angle=0.png Graphic file (type 
png)
 <use param--n=2--d=2--beta=0.0891000000000000--angle=0.png>
Package pdftex.def Info: param--n=2--d=2--beta=0.0891000000000000--angle=0.png 
used on input line 72.
(pdftex.def)             Requested size: 325.2183pt x 325.21935pt.

<param--n=2--d=2--beta=0.0990000000000000--angle=0.png, id=70, 2007.5pt x 2007.
5pt>
File: param--n=2--d=2--beta=0.0990000000000000--angle=0.png Graphic file (type 
png)
 <use param--n=2--d=2--beta=0.0990000000000000--angle=0.png>
Package pdftex.def Info: param--n=2--d=2--beta=0.0990000000000000--angle=0.png 
used on input line 74.
(pdftex.def)             Requested size: 325.2183pt x 325.21935pt.
 [9 <./param--n=2--d=2--beta=0.0792000000000000--angle=0.png> <./param--n=2--d=
2--beta=0.0891000000000000--angle=0.png>]
<orbit_real_beta0001.jpg, id=76, 1719.42375pt x 1061.9675pt>
File: orbit_real_beta0001.jpg Graphic file (type jpg)

<use orbit_real_beta0001.jpg>
Package pdftex.def Info: orbit_real_beta0001.jpg used on input line 76.
(pdftex.def)             Requested size: 325.2183pt x 200.85226pt.

<orbit_real_beta001.jpg, id=77, 1576.89125pt x 973.6375pt>
File: orbit_real_beta001.jpg Graphic file (type jpg)

<use orbit_real_beta001.jpg>
Package pdftex.def Info: orbit_real_beta001.jpg used on input line 78.
(pdftex.def)             Requested size: 325.2183pt x 200.80035pt.
 [10 <./param--n=2--d=2--beta=0.0990000000000000--angle=0.png> <./orbit_real_be
ta0001.jpg>]
<orbit_real_beta001_zoom.jpg, id=82, 1313.90875pt x 812.03375pt>
File: orbit_real_beta001_zoom.jpg Graphic file (type jpg)

<use orbit_real_beta001_zoom.jpg>
Package pdftex.def Info: orbit_real_beta001_zoom.jpg used on input line 80.
(pdftex.def)             Requested size: 325.2183pt x 200.98827pt.

<orbit_real_beta01.jpg, id=83, 1610.015pt x 991.705pt>
File: orbit_real_beta01.jpg Graphic file (type jpg)

<use orbit_real_beta01.jpg>
Package pdftex.def Info: orbit_real_beta01.jpg used on input line 82.
(pdftex.def)             Requested size: 325.2183pt x 200.3198pt.

<fixed_points_real_001.jpg, id=84, 945.5325pt x 585.18625pt>
File: fixed_points_real_001.jpg Graphic file (type jpg)

<use fixed_points_real_001.jpg>
Package pdftex.def Info: fixed_points_real_001.jpg used on input line 84.
(pdftex.def)             Requested size: 325.2183pt x 201.28229pt.
 [11 <./orbit_real_beta001.jpg> <./orbit_real_beta001_zoom.jpg> <./orbit_real_b
eta01.jpg>]
<fixed_points_real_01.jpg, id=88, 945.5325pt x 585.18625pt>
File: fixed_points_real_01.jpg Graphic file (type jpg)

<use fixed_points_real_01.jpg>
Package pdftex.def Info: fixed_points_real_01.jpg used on input line 86.
(pdftex.def)             Requested size: 325.2183pt x 201.28229pt.

<fixed_points_real_1.jpg, id=89, 945.5325pt x 585.18625pt>
File: fixed_points_real_1.jpg Graphic file (type jpg)

<use fixed_points_real_1.jpg>
Package pdftex.def Info: fixed_points_real_1.jpg used on input line 88.
(pdftex.def)             Requested size: 325.2183pt x 201.28229pt.

<fixed_points_real_view1.jpg, id=90, 747.79375pt x 569.12625pt>
File: fixed_points_real_view1.jpg Graphic file (type jpg)

<use fixed_points_real_view1.jpg>
Package pdftex.def Info: fixed_points_real_view1.jpg used on input line 90.
(pdftex.def)             Requested size: 325.2183pt x 247.51581pt.
 [12 <./fixed_points_real_001.jpg> <./fixed_points_real_01.jpg> <./fixed_points
_real_1.jpg>]
<fixed_points_real_view2.jpg, id=94, 747.79375pt x 569.12625pt>
File: fixed_points_real_view2.jpg Graphic file (type jpg)

<use fixed_points_real_view2.jpg>
Package pdftex.def Info: fixed_points_real_view2.jpg used on input line 92.
(pdftex.def)             Requested size: 325.2183pt x 247.51581pt.
 [13 <./fixed_points_real_view1.jpg> <./fixed_points_real_view2.jpg>] [14] (./r
unningWork.aux) ) 
Here is how much of TeX's memory you used:
 3040 strings out of 493308
 44774 string characters out of 6141362
 106342 words of memory out of 5000000
 6437 multiletter control sequences out of 15000+600000
 6857 words of font info for 27 fonts, out of 8000000 for 9000
 957 hyphenation exceptions out of 8191
 38i,5n,32p,349b,225s stack positions out of 5000i,500n,10000p,200000b,80000s
<c:/texlive/2013/texmf-dist/fonts/type1/public/amsfonts/cm/cmb
x10.pfb><c:/texlive/2013/texmf-dist/fonts/type1/public/amsfonts/cm/cmbx12.pfb><
c:/texlive/2013/texmf-dist/fonts/type1/public/amsfonts/cm/cmmi10.pfb><c:/texliv
e/2013/texmf-dist/fonts/type1/public/amsfonts/cm/cmmi7.pfb><c:/texlive/2013/tex
mf-dist/fonts/type1/public/amsfonts/cm/cmr10.pfb><c:/texlive/2013/texmf-dist/fo
nts/type1/public/amsfonts/cm/cmr12.pfb><c:/texlive/2013/texmf-dist/fonts/type1/
public/amsfonts/cm/cmr5.pfb><c:/texlive/2013/texmf-dist/fonts/type1/public/amsf
onts/cm/cmr7.pfb><c:/texlive/2013/texmf-dist/fonts/type1/public/amsfonts/cm/cms
y10.pfb><c:/texlive/2013/texmf-dist/fonts/type1/public/amsfonts/cm/cmsy7.pfb><c
:/texlive/2013/texmf-dist/fonts/type1/public/amsfonts/symbols/msbm10.pfb>
Output written on runningWork.pdf (14 pages, 6303923 bytes).
PDF statistics:
 138 PDF objects out of 1000 (max. 8388607)
 67 compressed objects within 1 object stream
 0 named destinations out of 1000 (max. 500000)
 131 words of extra memory for PDF output out of 10000 (max. 10000000)

